
> timbaos@0.1.0 dev
> next dev

  ▲ Next.js 14.2.33
  - Local:        http://localhost:3000
  - Environments: .env

 ✓ Starting...
 ✓ Ready in 2.6s
 ○ Compiling / ...
 ✓ Compiled / in 4.3s (605 modules)
 GET / 200 in 4614ms
 ✓ Compiled in 516ms (306 modules)
 ○ Compiling /src/middleware ...
 ✓ Compiled /src/middleware in 878ms (171 modules)
 ○ Compiling /api/auth/[...nextauth] ...
 ✓ Compiled /api/auth/[...nextauth] in 1221ms (539 modules)
[next-auth][warn][DEBUG_ENABLED] 
https://next-auth.js.org/warnings#debug_enabled
 GET /api/auth/csrf 200 in 1870ms
 POST /api/auth/callback/credentials 302 in 211ms
 GET /api/auth/csrf 200 in 20ms
 POST /api/auth/callback/credentials 302 in 118ms
 GET /api/auth/csrf 200 in 48ms
 POST /api/auth/callback/credentials 302 in 137ms
 GET /api/auth/csrf 200 in 40ms
 POST /api/auth/callback/credentials 302 in 137ms
 GET /api/auth/csrf 200 in 37ms
 POST /api/auth/callback/credentials 302 in 154ms
 ✓ Compiled /api/orders/[id] in 386ms (568 modules)
[next-auth][warn][DEBUG_ENABLED] 
https://next-auth.js.org/warnings#debug_enabled
 PATCH /api/orders/d70ea7f5-9e7f-4aaa-8988-6c5019901b57 200 in 1113ms
 PATCH /api/orders/548dff5e-c672-48f9-b816-3387aecf6f30 400 in 57ms
 GET /api/auth/csrf 200 in 36ms
 POST /api/auth/callback/credentials 302 in 128ms
 ✓ Compiled /api/orders/[id]/confirm in 174ms (300 modules)
[next-auth][warn][DEBUG_ENABLED] 
https://next-auth.js.org/warnings#debug_enabled
 POST /api/orders/d70ea7f5-9e7f-4aaa-8988-6c5019901b57/confirm 200 in 811ms
 GET /api/auth/csrf 200 in 45ms
 POST /api/auth/callback/credentials 302 in 155ms
 ✓ Compiled /api/orders/[id]/cancel in 178ms (302 modules)
[next-auth][warn][DEBUG_ENABLED] 
https://next-auth.js.org/warnings#debug_enabled
 POST /api/orders/2c3be324-8f7c-464c-8710-c7e82d72974d/cancel 200 in 792ms
 GET /api/auth/csrf 200 in 35ms
 POST /api/auth/callback/credentials 302 in 134ms
 ✓ Compiled / in 390ms (572 modules)
 GET / 200 in 697ms
 ✓ Compiled /api/analytics in 465ms (334 modules)
[next-auth][warn][DEBUG_ENABLED] 
https://next-auth.js.org/warnings#debug_enabled
 GET /api/analytics 401 in 534ms
 ✓ Compiled /api/quotes in 354ms (412 modules)
[next-auth][warn][DEBUG_ENABLED] 
https://next-auth.js.org/warnings#debug_enabled
 GET /api/quotes 401 in 434ms
 ✓ Compiled /api/auth/[...nextauth] in 55ms (414 modules)
[next-auth][warn][DEBUG_ENABLED] 
https://next-auth.js.org/warnings#debug_enabled
 GET /api/auth/csrf 200 in 94ms
 POST /api/auth/callback/credentials 302 in 86ms
 GET /api/analytics 200 in 530ms
 GET /api/quotes 200 in 42ms
 GET /api/auth/csrf 200 in 18ms
 POST /api/auth/callback/credentials 302 in 68ms
 GET /api/analytics 403 in 9ms
 GET /api/quotes 200 in 12ms
 GET /api/auth/csrf 200 in 9ms
 POST /api/auth/callback/credentials 302 in 79ms
 GET /api/analytics 200 in 435ms
 GET /api/quotes 200 in 13ms
 ✓ Compiled / in 155ms (299 modules)
 GET / 200 in 266ms
 ✓ Compiled /api/analytics in 182ms (604 modules)
[next-auth][warn][DEBUG_ENABLED] 
https://next-auth.js.org/warnings#debug_enabled
 GET /api/analytics 401 in 264ms
 ✓ Compiled /api/quotes in 70ms (682 modules)
[next-auth][warn][DEBUG_ENABLED] 
https://next-auth.js.org/warnings#debug_enabled
 GET /api/quotes 401 in 136ms
 ✓ Compiled /api/auth/[...nextauth] in 56ms (684 modules)
[next-auth][warn][DEBUG_ENABLED] 
https://next-auth.js.org/warnings#debug_enabled
 GET /api/auth/csrf 200 in 99ms
 POST /api/auth/callback/credentials 302 in 85ms
 GET /api/analytics 200 in 463ms
 GET /api/quotes 200 in 44ms
 GET /api/auth/csrf 200 in 16ms
 POST /api/auth/callback/credentials 302 in 67ms
 GET /api/analytics 403 in 6ms
 GET /api/quotes 200 in 11ms
 GET /api/auth/csrf 200 in 6ms
 POST /api/auth/callback/credentials 302 in 66ms
 GET /api/analytics 200 in 435ms
 GET /api/quotes 200 in 10ms
 GET /api/auth/csrf 200 in 18ms
 POST /api/auth/callback/credentials 302 in 64ms
 POST /api/quotes 200 in 33ms
 GET /api/auth/csrf 200 in 5ms
 POST /api/auth/callback/credentials 302 in 61ms
 GET /api/auth/csrf 200 in 16ms
 POST /api/auth/callback/credentials 302 in 61ms
 GET /api/auth/csrf 200 in 20ms
 POST /api/auth/callback/credentials 302 in 61ms
 GET /api/auth/csrf 200 in 17ms
 POST /api/auth/callback/credentials 302 in 67ms
 GET /api/auth/csrf 200 in 16ms
 POST /api/auth/callback/credentials 302 in 63ms
 GET /api/auth/csrf 200 in 16ms
 POST /api/auth/callback/credentials 302 in 68ms
 GET /api/auth/csrf 200 in 18ms
 POST /api/auth/callback/credentials 302 in 66ms
 GET /api/quotes 200 in 11ms
 GET /api/auth/csrf 200 in 7ms
 POST /api/auth/callback/credentials 302 in 63ms
 GET /api/quotes 200 in 15ms
 GET /api/quotes 401 in 7ms
 GET /api/auth/csrf 200 in 16ms
 POST /api/auth/callback/credentials 302 in 62ms
 ✓ Compiled /api/quotes/[id]/convert in 169ms (686 modules)
[next-auth][warn][DEBUG_ENABLED] 
https://next-auth.js.org/warnings#debug_enabled
 POST /api/quotes/662bd09b-cdc7-44c6-8062-7667799b956f/convert 200 in 452ms
 GET /api/auth/csrf 200 in 19ms
 POST /api/auth/callback/credentials 302 in 67ms
 POST /api/quotes/662bd09b-cdc7-44c6-8062-7667799b956f/convert 400 in 25ms
 GET /api/auth/csrf 200 in 17ms
 POST /api/auth/callback/credentials 302 in 61ms
 GET /api/auth/csrf 200 in 6ms
 POST /api/auth/callback/credentials 302 in 63ms
 GET /api/auth/csrf 200 in 17ms
 POST /api/auth/callback/credentials 302 in 63ms
 GET /api/auth/csrf 200 in 16ms
 POST /api/auth/callback/credentials 302 in 66ms
 GET /api/auth/csrf 200 in 18ms
 POST /api/auth/callback/credentials 302 in 64ms
 ✓ Compiled /api/orders/[id] in 74ms (688 modules)
[next-auth][warn][DEBUG_ENABLED] 
https://next-auth.js.org/warnings#debug_enabled
 PATCH /api/orders/a4b98f5b-71be-41c6-9aca-e10c537292a4 200 in 131ms
 PATCH /api/orders/d55ce6d9-44da-4fb6-9297-4e42c3f6c1df 400 in 22ms
 GET /api/auth/csrf 200 in 22ms
 POST /api/auth/callback/credentials 302 in 68ms
 ✓ Compiled /api/orders/[id]/confirm in 62ms (690 modules)
[next-auth][warn][DEBUG_ENABLED] 
https://next-auth.js.org/warnings#debug_enabled
 POST /api/orders/ce0b7a28-fdd1-412c-ac57-e3f302d3462e/confirm 200 in 128ms
 GET /api/auth/csrf 200 in 18ms
 POST /api/auth/callback/credentials 302 in 63ms
 ✓ Compiled /api/orders/[id]/cancel in 74ms (692 modules)
[next-auth][warn][DEBUG_ENABLED] 
https://next-auth.js.org/warnings#debug_enabled
 POST /api/orders/10d77152-93a1-4dcd-aa96-2708eebd776d/cancel 200 in 127ms
 GET /api/auth/csrf 200 in 20ms
 POST /api/auth/callback/credentials 302 in 71ms
 POST /api/quotes/a7796658-6b66-47b3-96d9-e543efe7c905/convert 200 in 53ms
 POST /api/auth/callback/credentials 302 in 17ms
 POST /api/auth/callback/credentials 302 in 21ms
 POST /api/auth/callback/credentials 302 in 18ms
 POST /api/auth/callback/credentials 302 in 16ms
 POST /api/auth/callback/credentials 302 in 17ms
 POST /api/auth/callback/credentials 302 in 21ms
 ✓ Compiled /api/pos/checkout in 180ms (697 modules)
 POST /api/pos/checkout 200 in 235ms
[next-auth][warn][DEBUG_ENABLED] 
https://next-auth.js.org/warnings#debug_enabled
 POST /api/auth/callback/credentials 302 in 21ms
 ✓ Compiled /api/pos/customers/walk-in in 85ms (699 modules)
 POST /api/pos/customers/walk-in 200 in 120ms
[next-auth][warn][DEBUG_ENABLED] 
https://next-auth.js.org/warnings#debug_enabled
 POST /api/auth/callback/credentials 302 in 11ms
 POST /api/auth/callback/credentials 302 in 17ms
 POST /api/auth/callback/credentials 302 in 18ms
 ✓ Compiled /api/pos/products in 77ms (701 modules)
 GET /api/pos/products?locationId=26ec5d42-7c43-4f0d-a1b6-80462285413f 200 in 111ms
[next-auth][warn][DEBUG_ENABLED] 
https://next-auth.js.org/warnings#debug_enabled
 POST /api/auth/callback/credentials 302 in 20ms
 POST /api/auth/callback/credentials 302 in 18ms
 POST /api/auth/callback/credentials 302 in 20ms
 ✓ Compiled /api/pos/customers in 122ms (703 modules)
 GET /api/pos/customers 200 in 156ms
[next-auth][warn][DEBUG_ENABLED] 
https://next-auth.js.org/warnings#debug_enabled
 POST /api/auth/callback/credentials 302 in 9ms
 POST /api/auth/callback/credentials 302 in 17ms
 POST /api/pos/customers/walk-in 200 in 10ms
 POST /api/auth/callback/credentials 302 in 27ms
 GET /api/pos/products 400 in 12ms
 POST /api/auth/callback/credentials 302 in 8ms
 POST /api/auth/callback/credentials 302 in 18ms
 POST /api/auth/callback/credentials 302 in 17ms
 POST /api/auth/callback/credentials 302 in 19ms
 POST /api/auth/callback/credentials 302 in 18ms
 POST /api/auth/callback/credentials 302 in 20ms
 POST /api/auth/callback/credentials 302 in 17ms
 POST /api/auth/callback/credentials 302 in 20ms
 POST /api/auth/callback/credentials 302 in 16ms
 POST /api/auth/callback/credentials 302 in 19ms
 POST /api/auth/callback/credentials 302 in 20ms
 ○ Compiling /api/export ...
 ✓ Compiled /api/export in 1282ms (1190 modules)
 GET /api/export 400 in 1449ms
[next-auth][warn][DEBUG_ENABLED] 
https://next-auth.js.org/warnings#debug_enabled
 POST /api/auth/callback/credentials 302 in 22ms
 GET /api/export 400 in 5ms
 POST /api/auth/callback/credentials 302 in 6ms
 GET /api/export 400 in 4ms
 POST /api/auth/callback/credentials 302 in 6ms
 GET /api/analytics 401 in 10ms
 POST /api/auth/callback/credentials 302 in 5ms
 POST /api/auth/callback/credentials 302 in 17ms
 GET /api/analytics 401 in 8ms
 GET /api/auth/csrf 200 in 21ms
 POST /api/auth/callback/credentials 302 in 82ms
 POST /api/quotes 200 in 70ms
 GET /api/auth/csrf 200 in 8ms
 POST /api/auth/callback/credentials 302 in 77ms
 GET /api/auth/csrf 200 in 22ms
 POST /api/auth/callback/credentials 302 in 67ms
 GET /api/auth/csrf 200 in 21ms
 POST /api/auth/callback/credentials 302 in 62ms
 GET /api/auth/csrf 200 in 18ms
 POST /api/auth/callback/credentials 302 in 64ms
 GET /api/auth/csrf 200 in 21ms
 POST /api/auth/callback/credentials 302 in 65ms
 GET /api/auth/csrf 200 in 18ms
 POST /api/auth/callback/credentials 302 in 65ms
 GET /api/auth/csrf 200 in 19ms
 POST /api/auth/callback/credentials 302 in 64ms
 GET /api/quotes 200 in 13ms
 GET /api/auth/csrf 200 in 6ms
 POST /api/auth/callback/credentials 302 in 62ms
 GET /api/quotes 200 in 14ms
 GET /api/quotes 401 in 6ms
 GET /api/auth/csrf 200 in 20ms
 POST /api/auth/callback/credentials 302 in 65ms
 POST /api/quotes/2b2d01ab-949f-45da-8fe0-3c3037948fa7/convert 200 in 58ms
 GET /api/auth/csrf 200 in 21ms
 POST /api/auth/callback/credentials 302 in 65ms
 POST /api/quotes/662bd09b-cdc7-44c6-8062-7667799b956f/convert 400 in 26ms
 GET /api/auth/csrf 200 in 19ms
 POST /api/auth/callback/credentials 302 in 63ms
 GET /api/auth/csrf 200 in 7ms
 POST /api/auth/callback/credentials 302 in 65ms
 GET /api/auth/csrf 200 in 19ms
 POST /api/auth/callback/credentials 302 in 63ms
 GET /api/auth/csrf 200 in 20ms
 POST /api/auth/callback/credentials 302 in 63ms
 GET /api/auth/csrf 200 in 18ms
 POST /api/auth/callback/credentials 302 in 63ms
 PATCH /api/orders/4c7a19f8-3db5-497c-b170-5863f1ab7536 200 in 41ms
 PATCH /api/orders/d55ce6d9-44da-4fb6-9297-4e42c3f6c1df 400 in 23ms
 GET /api/auth/csrf 200 in 18ms
 POST /api/auth/callback/credentials 302 in 67ms
 POST /api/orders/ccb56b51-ae9a-4d0b-8d4e-736386023ca8/confirm 200 in 39ms
 GET /api/auth/csrf 200 in 21ms
 POST /api/auth/callback/credentials 302 in 63ms
 POST /api/orders/7c05e1b2-7f29-4f90-b2a4-d95e7094cffd/cancel 200 in 43ms
 GET /api/auth/csrf 200 in 20ms
 POST /api/auth/callback/credentials 302 in 65ms
 POST /api/quotes/0c68f336-ba40-42ee-a793-db1a236eb5ed/convert 200 in 51ms
 POST /api/auth/callback/credentials 302 in 19ms
 POST /api/auth/callback/credentials 302 in 18ms
 POST /api/auth/callback/credentials 302 in 18ms
 POST /api/auth/callback/credentials 302 in 21ms
 POST /api/auth/callback/credentials 302 in 19ms
 POST /api/auth/callback/credentials 302 in 22ms
 POST /api/pos/checkout 200 in 36ms
 POST /api/auth/callback/credentials 302 in 20ms
 POST /api/pos/customers/walk-in 200 in 10ms
 POST /api/auth/callback/credentials 302 in 7ms
 POST /api/auth/callback/credentials 302 in 19ms
 POST /api/auth/callback/credentials 302 in 20ms
 GET /api/pos/products?locationId=26ec5d42-7c43-4f0d-a1b6-80462285413f 200 in 14ms
 POST /api/auth/callback/credentials 302 in 21ms
 POST /api/auth/callback/credentials 302 in 20ms
 POST /api/auth/callback/credentials 302 in 19ms
 GET /api/pos/customers 200 in 10ms
 POST /api/auth/callback/credentials 302 in 5ms
 POST /api/auth/callback/credentials 302 in 20ms
 POST /api/pos/customers/walk-in 200 in 12ms
 POST /api/auth/callback/credentials 302 in 22ms
 GET /api/pos/products 400 in 7ms
 POST /api/auth/callback/credentials 302 in 8ms
 POST /api/auth/callback/credentials 302 in 19ms
 POST /api/auth/callback/credentials 302 in 19ms
 POST /api/auth/callback/credentials 302 in 19ms
 POST /api/auth/callback/credentials 302 in 19ms
 POST /api/auth/callback/credentials 302 in 18ms
 POST /api/auth/callback/credentials 302 in 18ms
 POST /api/auth/callback/credentials 302 in 21ms
 POST /api/auth/callback/credentials 302 in 18ms
 POST /api/auth/callback/credentials 302 in 19ms
 POST /api/auth/callback/credentials 302 in 20ms
 GET /api/export 400 in 6ms
 POST /api/auth/callback/credentials 302 in 10ms
 GET /api/export 400 in 6ms
 POST /api/auth/callback/credentials 302 in 8ms
 GET /api/export 400 in 6ms
 POST /api/auth/callback/credentials 302 in 5ms
 GET /api/analytics 401 in 7ms
 POST /api/auth/callback/credentials 302 in 5ms
 POST /api/auth/callback/credentials 302 in 19ms
 GET /api/analytics 401 in 9ms
 GET / 200 in 74ms
 GET /api/analytics 401 in 9ms
 GET /api/quotes 401 in 10ms
 GET /api/auth/csrf 200 in 29ms
 POST /api/auth/callback/credentials 302 in 86ms
 GET /api/analytics 200 in 538ms
 GET /api/quotes 200 in 17ms
 GET /api/auth/csrf 200 in 19ms
 POST /api/auth/callback/credentials 302 in 68ms
 GET /api/analytics 403 in 11ms
 GET /api/quotes 200 in 13ms
 GET /api/auth/csrf 200 in 6ms
 POST /api/auth/callback/credentials 302 in 64ms
 GET /api/analytics 200 in 430ms
 GET /api/quotes 200 in 16ms
 GET /api/auth/csrf 200 in 19ms
 POST /api/auth/callback/credentials 302 in 67ms
 POST /api/quotes 200 in 30ms
 GET /api/auth/csrf 200 in 6ms
 POST /api/auth/callback/credentials 302 in 64ms
 GET /api/auth/csrf 200 in 17ms
 POST /api/auth/callback/credentials 302 in 67ms
 GET /api/auth/csrf 200 in 17ms
 POST /api/auth/callback/credentials 302 in 63ms
 GET /api/auth/csrf 200 in 18ms
 POST /api/auth/callback/credentials 302 in 69ms
 GET /api/auth/csrf 200 in 18ms
 POST /api/auth/callback/credentials 302 in 64ms
 GET /api/auth/csrf 200 in 18ms
 POST /api/auth/callback/credentials 302 in 64ms
 GET /api/auth/csrf 200 in 16ms
 POST /api/auth/callback/credentials 302 in 62ms
 GET /api/quotes 200 in 12ms
 GET /api/auth/csrf 200 in 5ms
 POST /api/auth/callback/credentials 302 in 65ms
 GET /api/quotes 200 in 11ms
 GET /api/quotes 401 in 5ms
 GET /api/auth/csrf 200 in 19ms
 POST /api/auth/callback/credentials 302 in 62ms
 POST /api/quotes/c665689f-ce31-4639-8201-ed0acd163833/convert 200 in 49ms
 GET /api/auth/csrf 200 in 20ms
 POST /api/auth/callback/credentials 302 in 64ms
 POST /api/quotes/662bd09b-cdc7-44c6-8062-7667799b956f/convert 400 in 24ms
 GET /api/auth/csrf 200 in 20ms
 POST /api/auth/callback/credentials 302 in 65ms
 GET /api/auth/csrf 200 in 7ms
 POST /api/auth/callback/credentials 302 in 65ms
 GET /api/auth/csrf 200 in 18ms
 POST /api/auth/callback/credentials 302 in 62ms
 GET /api/auth/csrf 200 in 20ms
 POST /api/auth/callback/credentials 302 in 63ms
 GET /api/auth/csrf 200 in 18ms
 POST /api/auth/callback/credentials 302 in 64ms
 PATCH /api/orders/979a1798-0274-4d7d-8725-49b25bff18bb 200 in 44ms
 PATCH /api/orders/d55ce6d9-44da-4fb6-9297-4e42c3f6c1df 400 in 24ms
 GET /api/auth/csrf 200 in 21ms
 POST /api/auth/callback/credentials 302 in 65ms
 POST /api/orders/4c7a19f8-3db5-497c-b170-5863f1ab7536/confirm 200 in 36ms
 GET /api/auth/csrf 200 in 18ms
 POST /api/auth/callback/credentials 302 in 68ms
 POST /api/orders/979a1798-0274-4d7d-8725-49b25bff18bb/cancel 200 in 40ms
 GET /api/auth/csrf 200 in 18ms
 POST /api/auth/callback/credentials 302 in 63ms
 GET /api/auth/csrf 200 in 21ms
 POST /api/auth/callback/credentials 302 in 67ms
 GET /api/auth/csrf 200 in 21ms
 POST /api/auth/callback/credentials 302 in 66ms
 GET /api/auth/csrf 200 in 17ms
 POST /api/auth/callback/credentials 302 in 64ms
 GET /api/auth/csrf 200 in 18ms
 POST /api/auth/callback/credentials 302 in 65ms
 GET /api/auth/csrf 200 in 18ms
 POST /api/auth/callback/credentials 302 in 66ms
 ✓ Compiled /api/locations/[id]/inventory in 181ms (694 modules)
 GET /api/locations/26ec5d42-7c43-4f0d-a1b6-80462285413f/inventory 200 in 439ms
[next-auth][warn][DEBUG_ENABLED] 
https://next-auth.js.org/warnings#debug_enabled
 POST /api/auth/callback/credentials 302 in 52ms
 ✓ Compiled /api/pos/checkout in 242ms (699 modules)
 POST /api/pos/checkout 200 in 310ms
[next-auth][warn][DEBUG_ENABLED] 
https://next-auth.js.org/warnings#debug_enabled
 POST /api/auth/callback/credentials 302 in 43ms
 ✓ Compiled /api/pos/customers/walk-in in 73ms (701 modules)
 POST /api/pos/customers/walk-in 200 in 108ms
[next-auth][warn][DEBUG_ENABLED] 
https://next-auth.js.org/warnings#debug_enabled
 POST /api/auth/callback/credentials 302 in 9ms
 POST /api/auth/callback/credentials 302 in 21ms
 POST /api/auth/callback/credentials 302 in 25ms
 ✓ Compiled /api/pos/products in 68ms (703 modules)
 GET /api/pos/products?locationId=26ec5d42-7c43-4f0d-a1b6-80462285413f 200 in 103ms
[next-auth][warn][DEBUG_ENABLED] 
https://next-auth.js.org/warnings#debug_enabled
 GET /api/auth/csrf 200 in 25ms
 POST /api/auth/callback/credentials 302 in 73ms
 GET /api/auth/csrf 200 in 19ms
 POST /api/auth/callback/credentials 302 in 63ms
 GET /api/auth/csrf 200 in 19ms
 POST /api/auth/callback/credentials 302 in 64ms
 ✓ Compiled /api/pos/customers in 75ms (705 modules)
 GET /api/pos/customers 200 in 117ms
[next-auth][warn][DEBUG_ENABLED] 
https://next-auth.js.org/warnings#debug_enabled
 GET /api/auth/csrf 200 in 24ms
 POST /api/auth/callback/credentials 302 in 69ms
 GET /api/auth/csrf 200 in 20ms
 POST /api/auth/callback/credentials 302 in 65ms
 POST /api/pos/customers/walk-in 200 in 10ms
 GET /api/auth/csrf 200 in 26ms
 POST /api/auth/callback/credentials 302 in 68ms
 GET /api/pos/products?locationId=26ec5d42-7c43-4f0d-a1b6-80462285413f 200 in 11ms
 GET /api/auth/csrf 200 in 19ms
 POST /api/auth/callback/credentials 302 in 61ms
 GET /api/auth/csrf 200 in 18ms
 POST /api/auth/callback/credentials 302 in 63ms
 GET /api/auth/csrf 200 in 17ms
 POST /api/auth/callback/credentials 302 in 69ms
 GET /api/auth/csrf 200 in 17ms
 POST /api/auth/callback/credentials 302 in 63ms
 GET /api/auth/csrf 200 in 18ms
 POST /api/auth/callback/credentials 302 in 62ms
 GET /api/auth/csrf 200 in 19ms
 POST /api/auth/callback/credentials 302 in 65ms
 ✓ Compiled /api/audit-logs in 91ms (707 modules)
 GET /api/audit-logs?entityType=QUOTE&entityId=662bd09b-cdc7-44c6-8062-7667799b956f 200 in 123ms
[next-auth][warn][DEBUG_ENABLED] 
https://next-auth.js.org/warnings#debug_enabled
 GET /api/auth/csrf 200 in 21ms
 POST /api/auth/callback/credentials 302 in 69ms
 GET /api/audit-logs?entityType=ORDER&entityId=d55ce6d9-44da-4fb6-9297-4e42c3f6c1df 200 in 9ms
 GET /api/auth/csrf 200 in 17ms
 POST /api/auth/callback/credentials 302 in 61ms
 GET /api/auth/csrf 200 in 18ms
 POST /api/auth/callback/credentials 302 in 68ms
 GET /api/auth/csrf 200 in 19ms
 POST /api/auth/callback/credentials 302 in 61ms
 GET /api/auth/csrf 200 in 28ms
 POST /api/auth/callback/credentials 302 in 65ms
 ✓ Compiled /api/export in 367ms (1194 modules)
 GET /api/export 400 in 513ms
[next-auth][warn][DEBUG_ENABLED] 
https://next-auth.js.org/warnings#debug_enabled
 GET /api/auth/csrf 200 in 25ms
 POST /api/auth/callback/credentials 302 in 73ms
 GET /api/export 400 in 6ms
 GET /api/auth/csrf 200 in 6ms
 POST /api/auth/callback/credentials 302 in 63ms
 GET /api/export 400 in 9ms
 GET /api/auth/csrf 200 in 19ms
 POST /api/auth/callback/credentials 302 in 62ms
 GET /api/analytics 200 in 471ms
 GET /api/auth/csrf 200 in 20ms
 POST /api/auth/callback/credentials 302 in 69ms
 GET /api/auth/csrf 200 in 21ms
 POST /api/auth/callback/credentials 302 in 63ms
 GET /api/analytics 200 in 488ms
 GET /api/auth/csrf 200 in 24ms
 POST /api/auth/callback/credentials 302 in 67ms
 GET /api/auth/csrf 200 in 30ms
 POST /api/auth/callback/credentials 302 in 81ms
 GET /api/auth/csrf 200 in 30ms
 POST /api/auth/callback/credentials 302 in 68ms
 GET /api/auth/csrf 200 in 33ms
 POST /api/auth/callback/credentials 302 in 69ms
 GET /api/auth/csrf 200 in 26ms
 POST /api/auth/callback/credentials 302 in 65ms
 GET /api/auth/csrf 200 in 26ms
 POST /api/auth/callback/credentials 302 in 68ms
 GET /api/locations/26ec5d42-7c43-4f0d-a1b6-80462285413f/inventory 200 in 35ms
 GET / 200 in 88ms
 GET /api/analytics 401 in 15ms
 GET /api/quotes 401 in 42ms
 GET /api/auth/csrf 200 in 27ms
 POST /api/auth/callback/credentials 302 in 90ms
 GET /api/analytics 200 in 554ms
 GET /api/quotes 200 in 20ms
 GET /api/auth/csrf 200 in 24ms
 POST /api/auth/callback/credentials 302 in 65ms
 GET /api/analytics 403 in 9ms
 GET /api/quotes 200 in 20ms
 GET /api/auth/csrf 200 in 8ms
 POST /api/auth/callback/credentials 302 in 65ms
 GET /api/analytics 200 in 478ms
 GET /api/quotes 200 in 16ms
 GET /api/auth/csrf 200 in 21ms
 POST /api/auth/callback/credentials 302 in 67ms
 POST /api/quotes 200 in 37ms
 GET /api/auth/csrf 200 in 8ms
 POST /api/auth/callback/credentials 302 in 66ms
 GET /api/auth/csrf 200 in 20ms
 POST /api/auth/callback/credentials 302 in 66ms
 GET /api/auth/csrf 200 in 23ms
 POST /api/auth/callback/credentials 302 in 65ms
 GET /api/auth/csrf 200 in 21ms
 POST /api/auth/callback/credentials 302 in 66ms
 GET /api/auth/csrf 200 in 22ms
 POST /api/auth/callback/credentials 302 in 68ms
 GET /api/auth/csrf 200 in 22ms
 POST /api/auth/callback/credentials 302 in 65ms
 GET /api/auth/csrf 200 in 24ms
 POST /api/auth/callback/credentials 302 in 66ms
 GET /api/quotes 200 in 11ms
 GET /api/auth/csrf 200 in 9ms
 POST /api/auth/callback/credentials 302 in 63ms
 GET /api/quotes 200 in 13ms
 GET /api/quotes 401 in 7ms
 GET /api/auth/csrf 200 in 20ms
 POST /api/auth/callback/credentials 302 in 65ms
 POST /api/quotes/ecc1da76-d42a-4694-bc7c-1c6bf2de13e9/convert 200 in 60ms
 GET /api/auth/csrf 200 in 20ms
 POST /api/auth/callback/credentials 302 in 69ms
 POST /api/quotes/662bd09b-cdc7-44c6-8062-7667799b956f/convert 400 in 27ms
 GET /api/auth/csrf 200 in 20ms
 POST /api/auth/callback/credentials 302 in 64ms
 GET /api/auth/csrf 200 in 5ms
 POST /api/auth/callback/credentials 302 in 63ms
 GET /api/auth/csrf 200 in 20ms
 POST /api/auth/callback/credentials 302 in 65ms
 GET /api/auth/csrf 200 in 22ms
 POST /api/auth/callback/credentials 302 in 65ms
 GET /api/auth/csrf 200 in 21ms
 POST /api/auth/callback/credentials 302 in 69ms
 PATCH /api/orders/56e04739-639a-4f96-b9df-0a2456f2341e 200 in 46ms
 PATCH /api/orders/d55ce6d9-44da-4fb6-9297-4e42c3f6c1df 400 in 26ms
 GET /api/auth/csrf 200 in 22ms
 POST /api/auth/callback/credentials 302 in 64ms
 POST /api/orders/e0989ae5-ca02-4878-869d-38a5883f8f01/confirm 200 in 47ms
 GET /api/auth/csrf 200 in 22ms
 POST /api/auth/callback/credentials 302 in 66ms
 POST /api/orders/96927e80-6725-41e9-8629-e69a0874f870/cancel 200 in 33ms
 GET /api/auth/csrf 200 in 22ms
 POST /api/auth/callback/credentials 302 in 65ms
 GET /api/auth/csrf 200 in 35ms
 POST /api/auth/callback/credentials 302 in 63ms
 GET /api/locations/26ec5d42-7c43-4f0d-a1b6-80462285413f/inventory 200 in 32ms
 GET /api/auth/csrf 200 in 21ms
 POST /api/auth/callback/credentials 302 in 65ms
 GET /api/auth/csrf 200 in 23ms
 POST /api/auth/callback/credentials 302 in 65ms
 POST /api/pos/checkout 200 in 34ms
 GET /api/auth/csrf 200 in 20ms
 POST /api/auth/callback/credentials 302 in 63ms
 GET /api/auth/csrf 200 in 23ms
 POST /api/auth/callback/credentials 302 in 67ms
 GET /api/locations/26ec5d42-7c43-4f0d-a1b6-80462285413f/inventory 200 in 27ms
 POST /api/auth/callback/credentials 302 in 33ms
 POST /api/pos/checkout 200 in 17ms
 POST /api/auth/callback/credentials 302 in 21ms
 POST /api/pos/customers/walk-in 200 in 13ms
 POST /api/auth/callback/credentials 302 in 6ms
 POST /api/auth/callback/credentials 302 in 21ms
 POST /api/auth/callback/credentials 302 in 20ms
 GET /api/pos/products?locationId=26ec5d42-7c43-4f0d-a1b6-80462285413f 200 in 15ms
 GET /api/auth/csrf 200 in 26ms
 POST /api/auth/callback/credentials 302 in 71ms
 GET /api/auth/csrf 200 in 23ms
 POST /api/auth/callback/credentials 302 in 71ms
 GET /api/auth/csrf 200 in 21ms
 POST /api/auth/callback/credentials 302 in 65ms
 GET /api/pos/customers 200 in 11ms
 GET /api/auth/csrf 200 in 12ms
 POST /api/auth/callback/credentials 302 in 62ms
 GET /api/auth/csrf 200 in 20ms
 POST /api/auth/callback/credentials 302 in 67ms
 POST /api/pos/customers/walk-in 200 in 13ms
 GET /api/auth/csrf 200 in 27ms
 POST /api/auth/callback/credentials 302 in 71ms
 GET /api/pos/products?locationId= 400 in 7ms
 GET /api/auth/csrf 200 in 20ms
 POST /api/auth/callback/credentials 302 in 64ms
 GET /api/auth/csrf 200 in 22ms
 POST /api/auth/callback/credentials 302 in 66ms
 GET /api/auth/csrf 200 in 20ms
 POST /api/auth/callback/credentials 302 in 68ms
 GET /api/auth/csrf 200 in 20ms
 POST /api/auth/callback/credentials 302 in 66ms
 GET /api/auth/csrf 200 in 20ms
 POST /api/auth/callback/credentials 302 in 69ms
 GET /api/auth/csrf 200 in 26ms
 POST /api/auth/callback/credentials 302 in 67ms
 GET /api/audit-logs?entityType=QUOTE&entityId=662bd09b-cdc7-44c6-8062-7667799b956f 200 in 10ms
 GET /api/auth/csrf 200 in 23ms
 POST /api/auth/callback/credentials 302 in 66ms
 GET /api/audit-logs?entityType=ORDER&entityId=d55ce6d9-44da-4fb6-9297-4e42c3f6c1df 200 in 8ms
 GET /api/auth/csrf 200 in 22ms
 POST /api/auth/callback/credentials 302 in 66ms
 GET /api/auth/csrf 200 in 19ms
 POST /api/auth/callback/credentials 302 in 67ms
 GET /api/auth/csrf 200 in 19ms
 POST /api/auth/callback/credentials 302 in 70ms
 GET /api/auth/csrf 200 in 26ms
 POST /api/auth/callback/credentials 302 in 69ms
 GET /api/export 400 in 8ms
 GET /api/auth/csrf 200 in 9ms
 POST /api/auth/callback/credentials 302 in 63ms
 GET /api/export 400 in 7ms
 GET /api/auth/csrf 200 in 22ms
 POST /api/auth/callback/credentials 302 in 64ms
 GET /api/export 400 in 8ms
 GET /api/auth/csrf 200 in 6ms
 POST /api/auth/callback/credentials 302 in 62ms
 GET /api/analytics 200 in 418ms
 GET /api/auth/csrf 200 in 28ms
 POST /api/auth/callback/credentials 302 in 73ms
 GET /api/auth/csrf 200 in 22ms
 POST /api/auth/callback/credentials 302 in 68ms
 GET /api/analytics 200 in 420ms
 GET /api/auth/csrf 200 in 23ms
 POST /api/auth/callback/credentials 302 in 69ms
 GET / 200 in 37ms
 GET /api/analytics 401 in 12ms
 GET /api/quotes 401 in 12ms
 GET /api/auth/csrf 200 in 24ms
 POST /api/auth/callback/credentials 302 in 69ms
 GET /api/analytics 200 in 516ms
 GET /api/quotes 200 in 24ms
 GET /api/auth/csrf 200 in 22ms
 POST /api/auth/callback/credentials 302 in 64ms
 GET /api/analytics 403 in 10ms
 GET /api/quotes 200 in 14ms
 GET /api/auth/csrf 200 in 8ms
 POST /api/auth/callback/credentials 302 in 66ms
 GET /api/analytics 200 in 451ms
 GET /api/quotes 200 in 14ms
 GET /api/auth/csrf 200 in 20ms
 POST /api/auth/callback/credentials 302 in 68ms
 POST /api/quotes 200 in 26ms
 GET /api/auth/csrf 200 in 6ms
 POST /api/auth/callback/credentials 302 in 63ms
 GET /api/auth/csrf 200 in 19ms
 POST /api/auth/callback/credentials 302 in 63ms
 GET /api/auth/csrf 200 in 24ms
 POST /api/auth/callback/credentials 302 in 64ms
 GET /api/auth/csrf 200 in 22ms
 POST /api/auth/callback/credentials 302 in 65ms
 GET /api/auth/csrf 200 in 20ms
 POST /api/auth/callback/credentials 302 in 74ms
 GET /api/auth/csrf 200 in 20ms
 POST /api/auth/callback/credentials 302 in 64ms
 GET /api/auth/csrf 200 in 20ms
 POST /api/auth/callback/credentials 302 in 64ms
 GET /api/quotes 200 in 14ms
 GET /api/auth/csrf 200 in 10ms
 POST /api/auth/callback/credentials 302 in 62ms
 GET /api/quotes 200 in 14ms
 GET /api/quotes 401 in 6ms
 GET /api/auth/csrf 200 in 19ms
 POST /api/auth/callback/credentials 302 in 66ms
 POST /api/quotes/579cd8ac-06ac-4cfb-9fcd-6711d539f831/convert 200 in 54ms
 GET /api/auth/csrf 200 in 21ms
 POST /api/auth/callback/credentials 302 in 63ms
 POST /api/quotes/662bd09b-cdc7-44c6-8062-7667799b956f/convert 400 in 26ms
 GET /api/auth/csrf 200 in 23ms
 POST /api/auth/callback/credentials 302 in 65ms
 GET /api/auth/csrf 200 in 6ms
 POST /api/auth/callback/credentials 302 in 63ms
 GET /api/auth/csrf 200 in 20ms
 POST /api/auth/callback/credentials 302 in 66ms
 GET /api/auth/csrf 200 in 23ms
 POST /api/auth/callback/credentials 302 in 63ms
 GET /api/auth/csrf 200 in 22ms
 POST /api/auth/callback/credentials 302 in 65ms
 PATCH /api/orders/a9e1bd2e-ef83-46c0-9e62-bc19bf93410c 200 in 52ms
 PATCH /api/orders/d55ce6d9-44da-4fb6-9297-4e42c3f6c1df 400 in 28ms
 GET /api/auth/csrf 200 in 21ms
 POST /api/auth/callback/credentials 302 in 64ms
 POST /api/orders/2e86b106-57e5-4756-9d22-0a98f3509753/confirm 200 in 34ms
 GET /api/auth/csrf 200 in 21ms
 POST /api/auth/callback/credentials 302 in 68ms
 POST /api/orders/e3d45f19-86fe-42fb-9b62-02af6930d8d5/cancel 200 in 35ms
 GET /api/auth/csrf 200 in 20ms
 POST /api/auth/callback/credentials 302 in 69ms
 GET /api/auth/csrf 200 in 29ms
 POST /api/auth/callback/credentials 302 in 67ms
 GET /api/locations/26ec5d42-7c43-4f0d-a1b6-80462285413f/inventory 200 in 31ms
 GET /api/auth/csrf 200 in 22ms
 POST /api/auth/callback/credentials 302 in 64ms
 GET /api/auth/csrf 200 in 20ms
 POST /api/auth/callback/credentials 302 in 67ms
 POST /api/pos/checkout 200 in 20ms
 GET /api/auth/csrf 200 in 20ms
 POST /api/auth/callback/credentials 302 in 63ms
 GET /api/auth/csrf 200 in 20ms
 POST /api/auth/callback/credentials 302 in 67ms
 GET /api/locations/26ec5d42-7c43-4f0d-a1b6-80462285413f/inventory 200 in 29ms
 POST /api/auth/callback/credentials 302 in 25ms
 POST /api/pos/checkout 200 in 18ms
 POST /api/auth/callback/credentials 302 in 25ms
 POST /api/pos/customers/walk-in 200 in 12ms
 POST /api/auth/callback/credentials 302 in 6ms
 POST /api/auth/callback/credentials 302 in 27ms
 POST /api/auth/callback/credentials 302 in 20ms
 GET /api/pos/products?locationId=26ec5d42-7c43-4f0d-a1b6-80462285413f 200 in 12ms
 GET /api/auth/csrf 200 in 34ms
 POST /api/auth/callback/credentials 302 in 66ms
 GET /api/auth/csrf 200 in 20ms
 POST /api/auth/callback/credentials 302 in 68ms
 GET /api/auth/csrf 200 in 20ms
 POST /api/auth/callback/credentials 302 in 67ms
 GET /api/pos/customers 200 in 9ms
 GET /api/auth/csrf 200 in 9ms
 POST /api/auth/callback/credentials 302 in 64ms
 GET /api/auth/csrf 200 in 22ms
 POST /api/auth/callback/credentials 302 in 64ms
 POST /api/pos/customers/walk-in 200 in 13ms
 GET /api/auth/csrf 200 in 31ms
 POST /api/auth/callback/credentials 302 in 65ms
 GET /api/pos/products?locationId=26ec5d42-7c43-4f0d-a1b6-80462285413f 200 in 12ms
 GET /api/auth/csrf 200 in 20ms
 POST /api/auth/callback/credentials 302 in 63ms
 GET /api/auth/csrf 200 in 20ms
 POST /api/auth/callback/credentials 302 in 63ms
 GET /api/auth/csrf 200 in 20ms
 POST /api/auth/callback/credentials 302 in 64ms
 GET /api/auth/csrf 200 in 20ms
 POST /api/auth/callback/credentials 302 in 65ms
 GET /api/auth/csrf 200 in 21ms
 POST /api/auth/callback/credentials 302 in 65ms
 GET /api/auth/csrf 200 in 24ms
 POST /api/auth/callback/credentials 302 in 68ms
 GET /api/audit-logs?entityType=QUOTE&entityId=662bd09b-cdc7-44c6-8062-7667799b956f 200 in 7ms
 GET /api/auth/csrf 200 in 24ms
 POST /api/auth/callback/credentials 302 in 66ms
 GET /api/audit-logs?entityType=ORDER&entityId=d55ce6d9-44da-4fb6-9297-4e42c3f6c1df 200 in 8ms
 GET /api/auth/csrf 200 in 21ms
 POST /api/auth/callback/credentials 302 in 65ms
 GET /api/auth/csrf 200 in 23ms
 POST /api/auth/callback/credentials 302 in 68ms
 GET /api/auth/csrf 200 in 20ms
 POST /api/auth/callback/credentials 302 in 68ms
 GET /api/auth/csrf 200 in 24ms
 POST /api/auth/callback/credentials 302 in 67ms
 GET /api/export 400 in 7ms
 GET /api/auth/csrf 200 in 9ms
 POST /api/auth/callback/credentials 302 in 63ms
 GET /api/export 400 in 6ms
 GET /api/auth/csrf 200 in 19ms
 POST /api/auth/callback/credentials 302 in 68ms
 GET /api/export 400 in 5ms
 GET /api/auth/csrf 200 in 7ms
 POST /api/auth/callback/credentials 302 in 65ms
 GET /api/analytics 200 in 424ms
 GET /api/auth/csrf 200 in 27ms
 POST /api/auth/callback/credentials 302 in 74ms
 GET /api/auth/csrf 200 in 21ms
 POST /api/auth/callback/credentials 302 in 70ms
 GET /api/analytics 200 in 418ms
 GET /api/auth/csrf 200 in 26ms
 POST /api/auth/callback/credentials 302 in 69ms
 GET / 200 in 43ms
 GET /api/analytics 401 in 15ms
 GET /api/quotes 401 in 11ms
 GET /api/auth/csrf 200 in 28ms
 POST /api/auth/callback/credentials 302 in 87ms
 GET /api/analytics 200 in 516ms
 GET /api/quotes 200 in 19ms
 GET /api/auth/csrf 200 in 23ms
 POST /api/auth/callback/credentials 302 in 70ms
 GET /api/analytics 403 in 8ms
 GET /api/quotes 200 in 16ms
 GET /api/auth/csrf 200 in 6ms
 POST /api/auth/callback/credentials 302 in 67ms
 GET /api/analytics 200 in 434ms
 GET /api/quotes 200 in 14ms
 GET /api/auth/csrf 200 in 20ms
 POST /api/auth/callback/credentials 302 in 67ms
 POST /api/quotes 200 in 32ms
 GET /api/auth/csrf 200 in 6ms
 POST /api/auth/callback/credentials 302 in 64ms
 GET /api/auth/csrf 200 in 20ms
 POST /api/auth/callback/credentials 302 in 65ms
 GET /api/auth/csrf 200 in 19ms
 POST /api/auth/callback/credentials 302 in 64ms
 GET /api/auth/csrf 200 in 20ms
 POST /api/auth/callback/credentials 302 in 66ms
 GET /api/auth/csrf 200 in 22ms
 POST /api/auth/callback/credentials 302 in 64ms
 GET /api/auth/csrf 200 in 19ms
 POST /api/auth/callback/credentials 302 in 64ms
 GET /api/auth/csrf 200 in 25ms
 POST /api/auth/callback/credentials 302 in 64ms
 GET /api/quotes 200 in 10ms
 GET /api/auth/csrf 200 in 7ms
 POST /api/auth/callback/credentials 302 in 63ms
 GET /api/quotes 200 in 13ms
 GET /api/quotes 401 in 8ms
 GET /api/auth/csrf 200 in 21ms
 POST /api/auth/callback/credentials 302 in 65ms
 POST /api/quotes/26afaec9-4ed5-4b47-ba56-c7454b9417ec/convert 200 in 67ms
 GET /api/auth/csrf 200 in 20ms
 POST /api/auth/callback/credentials 302 in 68ms
 POST /api/quotes/26afaec9-4ed5-4b47-ba56-c7454b9417ec/convert 400 in 26ms
 GET /api/auth/csrf 200 in 20ms
 POST /api/auth/callback/credentials 302 in 65ms
 GET /api/auth/csrf 200 in 7ms
 POST /api/auth/callback/credentials 302 in 66ms
 GET /api/auth/csrf 200 in 20ms
 POST /api/auth/callback/credentials 302 in 65ms
 GET /api/auth/csrf 200 in 22ms
 POST /api/auth/callback/credentials 302 in 63ms
 GET /api/auth/csrf 200 in 19ms
 POST /api/auth/callback/credentials 302 in 64ms
 PATCH /api/orders/8f1e6bfb-22b5-4594-8590-1efde4f98e4d 200 in 46ms
 PATCH /api/orders/fbb884b0-1549-429d-8022-11f53dd625e6 400 in 26ms
 GET /api/auth/csrf 200 in 21ms
 POST /api/auth/callback/credentials 302 in 67ms
 POST /api/orders/8f1e6bfb-22b5-4594-8590-1efde4f98e4d/confirm 200 in 42ms
 GET /api/auth/csrf 200 in 20ms
 POST /api/auth/callback/credentials 302 in 67ms
 POST /api/orders/d67d5197-84b2-42c6-b45f-3049fcaa3a8c/cancel 200 in 47ms
 GET /api/auth/csrf 200 in 21ms
 POST /api/auth/callback/credentials 302 in 64ms
 POST /api/quotes/b29b07a3-f50f-4f11-a991-f94c542351be/convert 200 in 89ms
 GET /api/auth/csrf 200 in 24ms
 POST /api/auth/callback/credentials 302 in 69ms
 GET /api/locations/5aa3732f-76f7-4356-b4b2-55d7f11fd90e/inventory 200 in 29ms
 GET /api/auth/csrf 200 in 20ms
 POST /api/auth/callback/credentials 302 in 63ms
 GET /api/auth/csrf 200 in 20ms
 POST /api/auth/callback/credentials 302 in 66ms
 POST /api/pos/checkout 200 in 28ms
 GET /api/auth/csrf 200 in 20ms
 POST /api/auth/callback/credentials 302 in 67ms
 GET /api/auth/csrf 200 in 19ms
 POST /api/auth/callback/credentials 302 in 66ms
 GET /api/locations/5aa3732f-76f7-4356-b4b2-55d7f11fd90e/inventory 200 in 28ms
 POST /api/auth/callback/credentials 302 in 30ms
 POST /api/pos/checkout 200 in 28ms
 POST /api/auth/callback/credentials 302 in 20ms
 POST /api/pos/customers/walk-in 200 in 11ms
 POST /api/auth/callback/credentials 302 in 9ms
 POST /api/auth/callback/credentials 302 in 19ms
 POST /api/auth/callback/credentials 302 in 19ms
 GET /api/pos/products?locationId=5aa3732f-76f7-4356-b4b2-55d7f11fd90e 200 in 13ms
 GET /api/auth/csrf 200 in 28ms
 POST /api/auth/callback/credentials 302 in 66ms
 GET /api/auth/csrf 200 in 20ms
 POST /api/auth/callback/credentials 302 in 65ms
 GET /api/auth/csrf 200 in 21ms
 POST /api/auth/callback/credentials 302 in 63ms
 GET /api/pos/customers 200 in 9ms
 GET /api/auth/csrf 200 in 10ms
 POST /api/auth/callback/credentials 302 in 63ms
 GET /api/auth/csrf 200 in 20ms
 POST /api/auth/callback/credentials 302 in 65ms
 POST /api/pos/customers/walk-in 200 in 10ms
 GET /api/auth/csrf 200 in 28ms
 POST /api/auth/callback/credentials 302 in 64ms
 GET /api/pos/products?locationId=5aa3732f-76f7-4356-b4b2-55d7f11fd90e 200 in 11ms
 GET /api/auth/csrf 200 in 20ms
 POST /api/auth/callback/credentials 302 in 64ms
 GET /api/auth/csrf 200 in 18ms
 POST /api/auth/callback/credentials 302 in 69ms
 GET /api/auth/csrf 200 in 20ms
 POST /api/auth/callback/credentials 302 in 64ms
 GET /api/auth/csrf 200 in 22ms
 POST /api/auth/callback/credentials 302 in 65ms
 GET /api/auth/csrf 200 in 19ms
 POST /api/auth/callback/credentials 302 in 64ms
 GET /api/auth/csrf 200 in 28ms
 POST /api/auth/callback/credentials 302 in 66ms
 GET /api/audit-logs?entityType=QUOTE&entityId=0b4463e4-e775-451e-9b85-8cd81b801628 200 in 7ms
 GET /api/auth/csrf 200 in 19ms
 POST /api/auth/callback/credentials 302 in 67ms
 GET /api/audit-logs?entityType=ORDER&entityId=8f1e6bfb-22b5-4594-8590-1efde4f98e4d 200 in 8ms
 GET /api/auth/csrf 200 in 19ms
 POST /api/auth/callback/credentials 302 in 66ms
 GET /api/auth/csrf 200 in 21ms
 POST /api/auth/callback/credentials 302 in 63ms
 GET /api/auth/csrf 200 in 22ms
 POST /api/auth/callback/credentials 302 in 64ms
 GET /api/auth/csrf 200 in 24ms
 POST /api/auth/callback/credentials 302 in 68ms
 GET /api/export 400 in 9ms
 GET /api/auth/csrf 200 in 7ms
 POST /api/auth/callback/credentials 302 in 64ms
 GET /api/export 400 in 7ms
 GET /api/auth/csrf 200 in 21ms
 POST /api/auth/callback/credentials 302 in 64ms
 GET /api/export 400 in 6ms
 GET /api/auth/csrf 200 in 8ms
 POST /api/auth/callback/credentials 302 in 64ms
 GET /api/analytics 200 in 447ms
 GET /api/auth/csrf 200 in 27ms
 POST /api/auth/callback/credentials 302 in 71ms
 GET /api/auth/csrf 200 in 22ms
 POST /api/auth/callback/credentials 302 in 68ms
 GET /api/analytics 200 in 450ms
 GET /api/auth/csrf 200 in 26ms
 POST /api/auth/callback/credentials 302 in 65ms
 POST /api/quotes/0b4463e4-e775-451e-9b85-8cd81b801628/convert 200 in 52ms
 GET / 200 in 43ms
 GET /api/analytics 401 in 20ms
 GET /api/quotes 401 in 11ms
 GET /api/auth/csrf 200 in 23ms
 POST /api/auth/callback/credentials 302 in 87ms
 GET /api/analytics 200 in 547ms
 GET /api/quotes 200 in 16ms
 GET /api/auth/csrf 200 in 28ms
 POST /api/auth/callback/credentials 302 in 77ms
 GET /api/analytics 403 in 8ms
 GET /api/quotes 200 in 15ms
 GET /api/auth/csrf 200 in 6ms
 POST /api/auth/callback/credentials 302 in 66ms
 GET /api/analytics 200 in 421ms
 GET /api/quotes 200 in 13ms
 GET /api/auth/csrf 200 in 19ms
 POST /api/auth/callback/credentials 302 in 63ms
 POST /api/quotes 200 in 29ms
 GET /api/auth/csrf 200 in 6ms
 POST /api/auth/callback/credentials 302 in 64ms
 GET /api/auth/csrf 200 in 21ms
 POST /api/auth/callback/credentials 302 in 65ms
 GET /api/auth/csrf 200 in 22ms
 POST /api/auth/callback/credentials 302 in 67ms
 GET /api/auth/csrf 200 in 21ms
 POST /api/auth/callback/credentials 302 in 67ms
 GET /api/auth/csrf 200 in 20ms
 POST /api/auth/callback/credentials 302 in 66ms
 GET /api/auth/csrf 200 in 20ms
 POST /api/auth/callback/credentials 302 in 63ms
 GET /api/auth/csrf 200 in 21ms
 POST /api/auth/callback/credentials 302 in 64ms
 GET /api/quotes 200 in 14ms
 GET /api/auth/csrf 200 in 11ms
 POST /api/auth/callback/credentials 302 in 63ms
 GET /api/quotes 200 in 11ms
 GET /api/quotes 401 in 5ms
 GET /api/auth/csrf 200 in 19ms
 POST /api/auth/callback/credentials 302 in 63ms
 POST /api/quotes/de5be065-34b4-431b-9306-d5e2a20a0ad6/convert 200 in 53ms
 GET /api/auth/csrf 200 in 20ms
 POST /api/auth/callback/credentials 302 in 71ms
 POST /api/quotes/de5be065-34b4-431b-9306-d5e2a20a0ad6/convert 400 in 27ms
 GET /api/auth/csrf 200 in 20ms
 POST /api/auth/callback/credentials 302 in 68ms
 GET /api/auth/csrf 200 in 8ms
 POST /api/auth/callback/credentials 302 in 65ms
 GET /api/auth/csrf 200 in 21ms
 POST /api/auth/callback/credentials 302 in 64ms
 GET /api/auth/csrf 200 in 22ms
 POST /api/auth/callback/credentials 302 in 64ms
 GET /api/auth/csrf 200 in 20ms
 POST /api/auth/callback/credentials 302 in 65ms
 PATCH /api/orders/8ca54659-794a-47b5-8185-585a826bf655 200 in 47ms
 PATCH /api/orders/31d1a240-dc2d-43c1-b286-d14ae5359c83 400 in 25ms
 GET /api/auth/csrf 200 in 19ms
 POST /api/auth/callback/credentials 302 in 65ms
 POST /api/orders/bd6234d3-aec4-459f-8d7f-b06da2b01815/confirm 200 in 40ms
 GET /api/auth/csrf 200 in 20ms
 POST /api/auth/callback/credentials 302 in 64ms
 POST /api/orders/ed54b12f-6430-4471-b7e8-c5d21b165406/cancel 200 in 45ms
 GET /api/auth/csrf 200 in 20ms
 POST /api/auth/callback/credentials 302 in 66ms
 POST /api/quotes/a5a13c77-25df-415c-8e8b-35587c00b565/convert 200 in 53ms
 GET /api/auth/csrf 200 in 25ms
 POST /api/auth/callback/credentials 302 in 68ms
 GET /api/locations/f4d0250d-1099-4b65-b56c-0861c66f01c8/inventory 200 in 29ms
 GET /api/auth/csrf 200 in 19ms
 POST /api/auth/callback/credentials 302 in 85ms
 GET /api/auth/csrf 200 in 20ms
 POST /api/auth/callback/credentials 302 in 68ms
 POST /api/pos/checkout 200 in 31ms
 GET /api/auth/csrf 200 in 18ms
 POST /api/auth/callback/credentials 302 in 66ms
 GET /api/auth/csrf 200 in 18ms
 POST /api/auth/callback/credentials 302 in 64ms
 GET /api/locations/f4d0250d-1099-4b65-b56c-0861c66f01c8/inventory 200 in 29ms
 POST /api/auth/callback/credentials 302 in 27ms
 POST /api/pos/checkout 200 in 24ms
 POST /api/auth/callback/credentials 302 in 20ms
 POST /api/pos/customers/walk-in 200 in 10ms
 POST /api/auth/callback/credentials 302 in 9ms
 POST /api/auth/callback/credentials 302 in 20ms
 POST /api/auth/callback/credentials 302 in 19ms
 GET /api/pos/products?locationId=f4d0250d-1099-4b65-b56c-0861c66f01c8 200 in 15ms
 GET /api/auth/csrf 200 in 20ms
 POST /api/auth/callback/credentials 302 in 69ms
 GET /api/auth/csrf 200 in 20ms
 POST /api/auth/callback/credentials 302 in 65ms
 GET /api/auth/csrf 200 in 20ms
 POST /api/auth/callback/credentials 302 in 66ms
 GET /api/pos/customers 200 in 9ms
 GET /api/auth/csrf 200 in 11ms
 POST /api/auth/callback/credentials 302 in 66ms
 GET /api/auth/csrf 200 in 20ms
 POST /api/auth/callback/credentials 302 in 65ms
 POST /api/pos/customers/walk-in 200 in 9ms
 GET /api/auth/csrf 200 in 27ms
 POST /api/auth/callback/credentials 302 in 64ms
 GET /api/pos/products?locationId=f4d0250d-1099-4b65-b56c-0861c66f01c8 200 in 9ms
 GET /api/auth/csrf 200 in 19ms
 POST /api/auth/callback/credentials 302 in 65ms
 GET /api/auth/csrf 200 in 19ms
 POST /api/auth/callback/credentials 302 in 66ms
 GET /api/auth/csrf 200 in 21ms
 POST /api/auth/callback/credentials 302 in 64ms
 GET /api/auth/csrf 200 in 21ms
 POST /api/auth/callback/credentials 302 in 62ms
 GET /api/auth/csrf 200 in 20ms
 POST /api/auth/callback/credentials 302 in 64ms
 GET /api/auth/csrf 200 in 19ms
 POST /api/auth/callback/credentials 302 in 76ms
 GET /api/audit-logs?entityType=QUOTE&entityId=15883d13-a681-4015-9442-d6fa3c6731ff 200 in 9ms
 GET /api/auth/csrf 200 in 19ms
 POST /api/auth/callback/credentials 302 in 67ms
 GET /api/audit-logs?entityType=ORDER&entityId=31d1a240-dc2d-43c1-b286-d14ae5359c83 200 in 7ms
 GET /api/auth/csrf 200 in 20ms
 POST /api/auth/callback/credentials 302 in 70ms
 GET /api/auth/csrf 200 in 20ms
 POST /api/auth/callback/credentials 302 in 65ms
 GET /api/auth/csrf 200 in 20ms
 POST /api/auth/callback/credentials 302 in 64ms
 GET /api/auth/csrf 200 in 21ms
 POST /api/auth/callback/credentials 302 in 66ms
 GET /api/export 400 in 6ms
 GET /api/auth/csrf 200 in 10ms
 POST /api/auth/callback/credentials 302 in 62ms
 GET /api/export 400 in 5ms
 GET /api/auth/csrf 200 in 18ms
 POST /api/auth/callback/credentials 302 in 63ms
 GET /api/export 400 in 5ms
 GET /api/auth/csrf 200 in 7ms
 POST /api/auth/callback/credentials 302 in 64ms
 GET /api/analytics 200 in 432ms
 GET /api/auth/csrf 200 in 27ms
 POST /api/auth/callback/credentials 302 in 68ms
 GET /api/auth/csrf 200 in 20ms
 POST /api/auth/callback/credentials 302 in 72ms
 GET /api/analytics 200 in 447ms
 GET /api/auth/csrf 200 in 24ms
 POST /api/auth/callback/credentials 302 in 64ms
 POST /api/quotes/15883d13-a681-4015-9442-d6fa3c6731ff/convert 200 in 60ms
 GET / 200 in 33ms
 GET /api/analytics 401 in 13ms
 GET /api/quotes 401 in 9ms
 GET /api/auth/csrf 200 in 28ms
 POST /api/auth/callback/credentials 302 in 77ms
 GET /api/analytics 200 in 557ms
 GET /api/quotes 200 in 15ms
 GET /api/auth/csrf 200 in 22ms
 POST /api/auth/callback/credentials 302 in 71ms
 GET /api/analytics 403 in 8ms
 GET /api/quotes 200 in 17ms
 GET /api/auth/csrf 200 in 7ms
 POST /api/auth/callback/credentials 302 in 65ms
 GET /api/analytics 200 in 412ms
 GET /api/quotes 200 in 18ms
 GET /api/auth/csrf 200 in 21ms
 POST /api/auth/callback/credentials 302 in 64ms
 POST /api/quotes 200 in 29ms
 GET /api/auth/csrf 200 in 7ms
 POST /api/auth/callback/credentials 302 in 64ms
 GET /api/auth/csrf 200 in 22ms
 POST /api/auth/callback/credentials 302 in 64ms
 GET /api/auth/csrf 200 in 23ms
 POST /api/auth/callback/credentials 302 in 64ms
 GET /api/auth/csrf 200 in 20ms
 POST /api/auth/callback/credentials 302 in 62ms
 GET /api/auth/csrf 200 in 21ms
 POST /api/auth/callback/credentials 302 in 65ms
 GET /api/auth/csrf 200 in 22ms
 POST /api/auth/callback/credentials 302 in 64ms
 GET /api/auth/csrf 200 in 23ms
 POST /api/auth/callback/credentials 302 in 66ms
 GET /api/quotes 200 in 14ms
 GET /api/auth/csrf 200 in 7ms
 POST /api/auth/callback/credentials 302 in 62ms
 GET /api/quotes 200 in 11ms
 GET /api/quotes 401 in 6ms
 GET /api/auth/csrf 200 in 20ms
 POST /api/auth/callback/credentials 302 in 69ms
 POST /api/quotes/b6f72d8d-3dba-46dc-b783-7e3faecaf28d/convert 200 in 55ms
 GET /api/auth/csrf 200 in 23ms
 POST /api/auth/callback/credentials 302 in 67ms
 POST /api/quotes/de5be065-34b4-431b-9306-d5e2a20a0ad6/convert 400 in 28ms
 GET /api/auth/csrf 200 in 21ms
 POST /api/auth/callback/credentials 302 in 63ms
 GET /api/auth/csrf 200 in 5ms
 POST /api/auth/callback/credentials 302 in 65ms
 GET /api/auth/csrf 200 in 19ms
 POST /api/auth/callback/credentials 302 in 64ms
 GET /api/auth/csrf 200 in 22ms
 POST /api/auth/callback/credentials 302 in 63ms
 GET /api/auth/csrf 200 in 21ms
 POST /api/auth/callback/credentials 302 in 66ms
 PATCH /api/orders/2a3ffcb3-c74d-470f-a51a-0c3206dea48e 200 in 49ms
 PATCH /api/orders/31d1a240-dc2d-43c1-b286-d14ae5359c83 400 in 29ms
 GET /api/auth/csrf 200 in 23ms
 POST /api/auth/callback/credentials 302 in 67ms
 POST /api/orders/2a3ffcb3-c74d-470f-a51a-0c3206dea48e/confirm 200 in 42ms
 GET /api/auth/csrf 200 in 20ms
 POST /api/auth/callback/credentials 302 in 64ms
 POST /api/orders/3dd1e5c7-5e89-41c5-b6a0-df7faab64d19/cancel 200 in 40ms
 GET /api/auth/csrf 200 in 21ms
 POST /api/auth/callback/credentials 302 in 69ms
 GET /api/auth/csrf 200 in 21ms
 POST /api/auth/callback/credentials 302 in 71ms
 GET /api/locations/f4d0250d-1099-4b65-b56c-0861c66f01c8/inventory 200 in 32ms
 GET /api/auth/csrf 200 in 20ms
 POST /api/auth/callback/credentials 302 in 65ms
 GET /api/auth/csrf 200 in 23ms
 POST /api/auth/callback/credentials 302 in 68ms
 POST /api/pos/checkout 200 in 30ms
 GET /api/auth/csrf 200 in 23ms
 POST /api/auth/callback/credentials 302 in 65ms
 GET /api/auth/csrf 200 in 21ms
 POST /api/auth/callback/credentials 302 in 63ms
 GET /api/locations/f4d0250d-1099-4b65-b56c-0861c66f01c8/inventory 200 in 27ms
 POST /api/auth/callback/credentials 302 in 24ms
 POST /api/pos/checkout 200 in 18ms
 POST /api/auth/callback/credentials 302 in 20ms
 POST /api/pos/customers/walk-in 200 in 13ms
 POST /api/auth/callback/credentials 302 in 6ms
 POST /api/auth/callback/credentials 302 in 21ms
 POST /api/auth/callback/credentials 302 in 21ms
 GET /api/pos/products?locationId=f4d0250d-1099-4b65-b56c-0861c66f01c8 200 in 14ms
 GET /api/auth/csrf 200 in 31ms
 POST /api/auth/callback/credentials 302 in 65ms
 GET /api/auth/csrf 200 in 19ms
 POST /api/auth/callback/credentials 302 in 66ms
 GET /api/auth/csrf 200 in 21ms
 POST /api/auth/callback/credentials 302 in 64ms
 GET /api/pos/customers 200 in 12ms
 GET /api/auth/csrf 200 in 11ms
 POST /api/auth/callback/credentials 302 in 62ms
 GET /api/auth/csrf 200 in 20ms
 POST /api/auth/callback/credentials 302 in 64ms
 POST /api/pos/customers/walk-in 200 in 9ms
 GET /api/auth/csrf 200 in 29ms
 POST /api/auth/callback/credentials 302 in 64ms
 GET /api/pos/products?locationId=f4d0250d-1099-4b65-b56c-0861c66f01c8 200 in 12ms
 GET /api/auth/csrf 200 in 21ms
 POST /api/auth/callback/credentials 302 in 64ms
 GET /api/auth/csrf 200 in 22ms
 POST /api/auth/callback/credentials 302 in 66ms
 GET /api/auth/csrf 200 in 19ms
 POST /api/auth/callback/credentials 302 in 65ms
 GET /api/auth/csrf 200 in 21ms
 POST /api/auth/callback/credentials 302 in 64ms
 GET /api/auth/csrf 200 in 20ms
 POST /api/auth/callback/credentials 302 in 62ms
 GET /api/auth/csrf 200 in 29ms
 POST /api/auth/callback/credentials 302 in 65ms
 GET /api/audit-logs?entityType=QUOTE&entityId=de5be065-34b4-431b-9306-d5e2a20a0ad6 200 in 8ms
 GET /api/auth/csrf 200 in 22ms
 POST /api/auth/callback/credentials 302 in 66ms
 GET /api/audit-logs?entityType=ORDER&entityId=31d1a240-dc2d-43c1-b286-d14ae5359c83 200 in 9ms
 GET /api/auth/csrf 200 in 23ms
 POST /api/auth/callback/credentials 302 in 66ms
 GET /api/auth/csrf 200 in 20ms
 POST /api/auth/callback/credentials 302 in 66ms
 GET /api/auth/csrf 200 in 22ms
 POST /api/auth/callback/credentials 302 in 64ms
 GET /api/auth/csrf 200 in 24ms
 POST /api/auth/callback/credentials 302 in 66ms
 GET /api/export 400 in 11ms
 GET /api/auth/csrf 200 in 8ms
 POST /api/auth/callback/credentials 302 in 64ms
 GET /api/export 400 in 9ms
 GET /api/auth/csrf 200 in 21ms
 POST /api/auth/callback/credentials 302 in 64ms
 GET /api/export 400 in 8ms
 GET /api/auth/csrf 200 in 6ms
 POST /api/auth/callback/credentials 302 in 63ms
 GET /api/analytics 200 in 425ms
 GET /api/auth/csrf 200 in 29ms
 POST /api/auth/callback/credentials 302 in 71ms
 GET /api/auth/csrf 200 in 22ms
 POST /api/auth/callback/credentials 302 in 68ms
 GET /api/analytics 200 in 449ms
 GET /api/auth/csrf 200 in 27ms
 POST /api/auth/callback/credentials 302 in 67ms
 GET / 200 in 32ms
 GET /api/analytics 401 in 11ms
 GET /api/quotes 401 in 11ms
 GET /api/auth/csrf 200 in 26ms
 POST /api/auth/callback/credentials 302 in 78ms
 GET /api/analytics 200 in 563ms
 GET /api/quotes 200 in 20ms
 GET /api/auth/csrf 200 in 22ms
 POST /api/auth/callback/credentials 302 in 64ms
 GET /api/analytics 403 in 7ms
 GET /api/quotes 200 in 12ms
 GET /api/auth/csrf 200 in 5ms
 POST /api/auth/callback/credentials 302 in 63ms
 GET /api/analytics 200 in 428ms
 GET /api/quotes 200 in 14ms
 GET /api/auth/csrf 200 in 20ms
 POST /api/auth/callback/credentials 302 in 65ms
 POST /api/quotes 200 in 37ms
 GET /api/auth/csrf 200 in 8ms
 POST /api/auth/callback/credentials 302 in 64ms
 GET /api/auth/csrf 200 in 22ms
 POST /api/auth/callback/credentials 302 in 63ms
 GET /api/auth/csrf 200 in 21ms
 POST /api/auth/callback/credentials 302 in 63ms
 GET /api/auth/csrf 200 in 20ms
 POST /api/auth/callback/credentials 302 in 67ms
 GET /api/auth/csrf 200 in 20ms
 POST /api/auth/callback/credentials 302 in 63ms
 GET /api/auth/csrf 200 in 22ms
 POST /api/auth/callback/credentials 302 in 66ms
 GET /api/auth/csrf 200 in 20ms
 POST /api/auth/callback/credentials 302 in 65ms
 GET /api/quotes 200 in 14ms
 GET /api/auth/csrf 200 in 11ms
 POST /api/auth/callback/credentials 302 in 65ms
 GET /api/quotes 200 in 15ms
 GET /api/quotes 401 in 7ms
 GET /api/auth/csrf 200 in 20ms
 POST /api/auth/callback/credentials 302 in 63ms
 POST /api/quotes/27897970-831e-40c0-b48e-8adc6051cf5e/convert 200 in 74ms
 GET /api/auth/csrf 200 in 22ms
 POST /api/auth/callback/credentials 302 in 65ms
 POST /api/quotes/de5be065-34b4-431b-9306-d5e2a20a0ad6/convert 400 in 26ms
 GET /api/auth/csrf 200 in 23ms
 POST /api/auth/callback/credentials 302 in 66ms
 GET /api/auth/csrf 200 in 8ms
 POST /api/auth/callback/credentials 302 in 64ms
 GET /api/auth/csrf 200 in 22ms
 POST /api/auth/callback/credentials 302 in 67ms
 GET /api/auth/csrf 200 in 22ms
 POST /api/auth/callback/credentials 302 in 65ms
 GET /api/auth/csrf 200 in 21ms
 POST /api/auth/callback/credentials 302 in 67ms
 PATCH /api/orders/55f14f1a-8cd6-4dc3-b7c5-84345fd0cd45 200 in 39ms
 PATCH /api/orders/31d1a240-dc2d-43c1-b286-d14ae5359c83 400 in 26ms
 GET /api/auth/csrf 200 in 26ms
 POST /api/auth/callback/credentials 302 in 65ms
 POST /api/orders/407c3968-9c2e-43de-b4f0-05d8366b2f9f/confirm 200 in 34ms
 GET /api/auth/csrf 200 in 21ms
 POST /api/auth/callback/credentials 302 in 64ms
 POST /api/orders/55f14f1a-8cd6-4dc3-b7c5-84345fd0cd45/cancel 200 in 42ms
 GET /api/auth/csrf 200 in 21ms
 POST /api/auth/callback/credentials 302 in 64ms
 GET /api/auth/csrf 200 in 29ms
 POST /api/auth/callback/credentials 302 in 66ms
 GET /api/locations/f4d0250d-1099-4b65-b56c-0861c66f01c8/inventory 200 in 33ms
 GET /api/auth/csrf 200 in 21ms
 POST /api/auth/callback/credentials 302 in 65ms
 GET /api/auth/csrf 200 in 21ms
 POST /api/auth/callback/credentials 302 in 65ms
 POST /api/pos/checkout 200 in 22ms
 GET /api/auth/csrf 200 in 22ms
 POST /api/auth/callback/credentials 302 in 66ms
 GET /api/auth/csrf 200 in 20ms
 POST /api/auth/callback/credentials 302 in 67ms
 GET /api/locations/f4d0250d-1099-4b65-b56c-0861c66f01c8/inventory 200 in 26ms
 POST /api/auth/callback/credentials 302 in 21ms
 POST /api/pos/checkout 200 in 25ms
 POST /api/auth/callback/credentials 302 in 21ms
 POST /api/pos/customers/walk-in 200 in 11ms
 POST /api/auth/callback/credentials 302 in 6ms
 POST /api/auth/callback/credentials 302 in 21ms
 POST /api/auth/callback/credentials 302 in 21ms
 GET /api/pos/products?locationId=f4d0250d-1099-4b65-b56c-0861c66f01c8 200 in 13ms
 GET /api/auth/csrf 200 in 27ms
 POST /api/auth/callback/credentials 302 in 66ms
 GET /api/auth/csrf 200 in 22ms
 POST /api/auth/callback/credentials 302 in 68ms
 GET /api/auth/csrf 200 in 21ms
 POST /api/auth/callback/credentials 302 in 65ms
 GET /api/pos/customers 200 in 8ms
 GET /api/auth/csrf 200 in 7ms
 POST /api/auth/callback/credentials 302 in 65ms
 GET /api/auth/csrf 200 in 22ms
 POST /api/auth/callback/credentials 302 in 67ms
 POST /api/pos/customers/walk-in 200 in 11ms
 GET /api/auth/csrf 200 in 31ms
 POST /api/auth/callback/credentials 302 in 67ms
 GET /api/pos/products?locationId=f4d0250d-1099-4b65-b56c-0861c66f01c8 200 in 13ms
 GET /api/auth/csrf 200 in 21ms
 POST /api/auth/callback/credentials 302 in 67ms
 GET /api/auth/csrf 200 in 19ms
 POST /api/auth/callback/credentials 302 in 66ms
 GET /api/auth/csrf 200 in 23ms
 POST /api/auth/callback/credentials 302 in 64ms
 GET /api/auth/csrf 200 in 21ms
 POST /api/auth/callback/credentials 302 in 65ms
 GET /api/auth/csrf 200 in 22ms
 POST /api/auth/callback/credentials 302 in 69ms
 GET /api/auth/csrf 200 in 25ms
 POST /api/auth/callback/credentials 302 in 70ms
 GET /api/audit-logs?entityType=QUOTE&entityId=de5be065-34b4-431b-9306-d5e2a20a0ad6 200 in 8ms
 GET /api/auth/csrf 200 in 19ms
 POST /api/auth/callback/credentials 302 in 64ms
 GET /api/audit-logs?entityType=ORDER&entityId=31d1a240-dc2d-43c1-b286-d14ae5359c83 200 in 8ms
 GET /api/auth/csrf 200 in 19ms
 POST /api/auth/callback/credentials 302 in 65ms
 GET /api/auth/csrf 200 in 20ms
 POST /api/auth/callback/credentials 302 in 65ms
 GET /api/auth/csrf 200 in 19ms
 POST /api/auth/callback/credentials 302 in 67ms
 GET /api/auth/csrf 200 in 29ms
 POST /api/auth/callback/credentials 302 in 64ms
 GET /api/export 400 in 7ms
 GET /api/auth/csrf 200 in 10ms
 POST /api/auth/callback/credentials 302 in 64ms
 GET /api/export 400 in 5ms
 GET /api/auth/csrf 200 in 20ms
 POST /api/auth/callback/credentials 302 in 63ms
 GET /api/export 400 in 6ms
 GET /api/auth/csrf 200 in 7ms
 POST /api/auth/callback/credentials 302 in 62ms
 GET /api/analytics 200 in 428ms
 GET /api/auth/csrf 200 in 31ms
 POST /api/auth/callback/credentials 302 in 82ms
 GET /api/auth/csrf 200 in 20ms
 POST /api/auth/callback/credentials 302 in 64ms
 GET /api/analytics 200 in 458ms
 GET /api/auth/csrf 200 in 24ms
 POST /api/auth/callback/credentials 302 in 68ms
